t:\works\app4\build\app4.dir\debug\vc143.pdb
t:\works\app4\build\app4.dir\debug\main.obj
t:\works\app4\build\app4.dir\debug\utils.obj
t:\works\app4\build\app4.dir\debug\threadpool.obj
t:\works\app4\build\cmakefiles\app4.dir\src\debug\app4_generated_nativegpuprocessor.cu.obj
t:\works\app4\build\cmakefiles\generate.stamp
t:\works\app4\build\debug\app4.pdb
t:\works\app4\build\app4.dir\debug\app4.tlog\cl.command.1.tlog
t:\works\app4\build\app4.dir\debug\app4.tlog\cl.read.1.tlog
t:\works\app4\build\app4.dir\debug\app4.tlog\cl.write.1.tlog
t:\works\app4\build\app4.dir\debug\app4.tlog\custombuild.command.1.tlog
t:\works\app4\build\app4.dir\debug\app4.tlog\custombuild.read.1.tlog
t:\works\app4\build\app4.dir\debug\app4.tlog\custombuild.write.1.tlog
t:\works\app4\build\app4.dir\debug\app4.tlog\link-cvtres.read.1.tlog
t:\works\app4\build\app4.dir\debug\app4.tlog\link-cvtres.write.1.tlog
t:\works\app4\build\app4.dir\debug\app4.tlog\link-rc.read.1.tlog
t:\works\app4\build\app4.dir\debug\app4.tlog\link-rc.write.1.tlog
t:\works\app4\build\app4.dir\debug\app4.tlog\link.command.1.tlog
t:\works\app4\build\app4.dir\debug\app4.tlog\link.read.1.tlog
t:\works\app4\build\app4.dir\debug\app4.tlog\link.read.2.tlog
t:\works\app4\build\app4.dir\debug\app4.tlog\link.write.1.tlog
